<?xml version="1.0" encoding="UTF-8"?>
<testng-results skipped="0" failed="0" total="1" passed="1">
  <reporter-output>
  </reporter-output>
  <suite name="Command line suite" duration-ms="19830" started-at="2015-06-15T08:50:45Z" finished-at="2015-06-15T08:51:05Z">
    <groups>
    </groups>
    <test name="Command line test" duration-ms="19830" started-at="2015-06-15T08:50:45Z" finished-at="2015-06-15T08:51:05Z">
      <class name="com.citrix.gotoapps.gotowebinar.testscripts.ScheduleWebinarTest">
        <test-method status="PASS" signature="invokeBrowser()[pri:0, instance:com.citrix.gotoapps.gotowebinar.testscripts.ScheduleWebinarTest@458ad742]" name="invokeBrowser" is-config="true" duration-ms="9121" started-at="2015-06-15T04:50:36Z" finished-at="2015-06-15T04:50:45Z">
          <reporter-output>
          </reporter-output>
        </test-method> <!-- invokeBrowser -->
        <test-method status="PASS" signature="login()[pri:0, instance:com.citrix.gotoapps.gotowebinar.testscripts.ScheduleWebinarTest@458ad742]" name="login" is-config="true" duration-ms="7399" started-at="2015-06-15T04:50:45Z" finished-at="2015-06-15T04:50:53Z">
          <reporter-output>
          </reporter-output>
        </test-method> <!-- login -->
        <test-method status="PASS" signature="TC001()[pri:0, instance:com.citrix.gotoapps.gotowebinar.testscripts.ScheduleWebinarTest@458ad742]" name="TC001" duration-ms="12423" started-at="2015-06-15T04:50:53Z" finished-at="2015-06-15T04:51:05Z">
          <reporter-output>
          </reporter-output>
        </test-method> <!-- TC001 -->
        <test-method status="PASS" signature="testSuiteComplete()[pri:0, instance:com.citrix.gotoapps.gotowebinar.testscripts.ScheduleWebinarTest@458ad742]" name="testSuiteComplete" is-config="true" duration-ms="0" started-at="2015-06-15T04:51:05Z" finished-at="2015-06-15T04:51:05Z">
          <reporter-output>
          </reporter-output>
        </test-method> <!-- testSuiteComplete -->
      </class> <!-- com.citrix.gotoapps.gotowebinar.testscripts.ScheduleWebinarTest -->
    </test> <!-- Command line test -->
  </suite> <!-- Command line suite -->
</testng-results>
